<?xml version="1.0" encoding="UTF-8"?>
<testng-results skipped="0" failed="0" ignored="0" total="15" passed="15">
  <reporter-output>
  </reporter-output>
  <suite name="parentPortalLiteTestSuite" duration-ms="19937" started-at="2019-07-22T08:32:01Z" finished-at="2019-07-22T08:32:21Z">
    <groups>
    </groups>
    <test name="Get Environment Of User test" duration-ms="19937" started-at="2019-07-22T08:32:01Z" finished-at="2019-07-22T08:32:21Z">
      <class name="testscripts.componentTest.envConfLambdaFunctions.GetEnvironmentOfUserAPITest">
        <test-method status="PASS" signature="setUpClass()[pri:0, instance:testscripts.componentTest.envConfLambdaFunctions.GetEnvironmentOfUserAPITest@31c88ec8]" name="setUpClass" is-config="true" duration-ms="3609" started-at="2019-07-22T08:32:01Z" finished-at="2019-07-22T08:32:05Z">
          <reporter-output>
          </reporter-output>
        </test-method> <!-- setUpClass -->
        <test-method status="PASS" signature="KP_5460_Verify_get_environment_of_IN_user_successful()[pri:0, instance:testscripts.componentTest.envConfLambdaFunctions.GetEnvironmentOfUserAPITest@31c88ec8]" name="KP_5460_Verify_get_environment_of_IN_user_successful" duration-ms="2753" started-at="2019-07-22T08:32:05Z" finished-at="2019-07-22T08:32:08Z">
          <reporter-output>
          </reporter-output>
        </test-method> <!-- KP_5460_Verify_get_environment_of_IN_user_successful -->
        <test-method status="PASS" signature="tearDownMethod()[pri:0, instance:testscripts.componentTest.envConfLambdaFunctions.GetEnvironmentOfUserAPITest@31c88ec8]" name="tearDownMethod" is-config="true" duration-ms="0" started-at="2019-07-22T08:32:08Z" finished-at="2019-07-22T08:32:08Z">
          <reporter-output>
          </reporter-output>
        </test-method> <!-- tearDownMethod -->
        <test-method status="PASS" signature="KP_5460_Verify_get_environment_of_MC_user_successful()[pri:0, instance:testscripts.componentTest.envConfLambdaFunctions.GetEnvironmentOfUserAPITest@31c88ec8]" name="KP_5460_Verify_get_environment_of_MC_user_successful" duration-ms="1686" started-at="2019-07-22T08:32:08Z" finished-at="2019-07-22T08:32:09Z">
          <reporter-output>
          </reporter-output>
        </test-method> <!-- KP_5460_Verify_get_environment_of_MC_user_successful -->
        <test-method status="PASS" signature="tearDownMethod()[pri:0, instance:testscripts.componentTest.envConfLambdaFunctions.GetEnvironmentOfUserAPITest@31c88ec8]" name="tearDownMethod" is-config="true" duration-ms="0" started-at="2019-07-22T08:32:09Z" finished-at="2019-07-22T08:32:09Z">
          <reporter-output>
          </reporter-output>
        </test-method> <!-- tearDownMethod -->
        <test-method status="PASS" signature="KP_5460_Verify_get_environment_of_PPL_user_successful()[pri:0, instance:testscripts.componentTest.envConfLambdaFunctions.GetEnvironmentOfUserAPITest@31c88ec8]" name="KP_5460_Verify_get_environment_of_PPL_user_successful" duration-ms="1504" started-at="2019-07-22T08:32:09Z" finished-at="2019-07-22T08:32:11Z">
          <reporter-output>
          </reporter-output>
        </test-method> <!-- KP_5460_Verify_get_environment_of_PPL_user_successful -->
        <test-method status="PASS" signature="KP_5460_Verify_get_environment_of_PP_user_successful()[pri:0, instance:testscripts.componentTest.envConfLambdaFunctions.GetEnvironmentOfUserAPITest@31c88ec8]" name="KP_5460_Verify_get_environment_of_PP_user_successful" duration-ms="1352" started-at="2019-07-22T08:32:11Z" finished-at="2019-07-22T08:32:12Z">
          <reporter-output>
          </reporter-output>
        </test-method> <!-- KP_5460_Verify_get_environment_of_PP_user_successful -->
        <test-method status="PASS" signature="tearDownMethod()[pri:0, instance:testscripts.componentTest.envConfLambdaFunctions.GetEnvironmentOfUserAPITest@31c88ec8]" name="tearDownMethod" is-config="true" duration-ms="0" started-at="2019-07-22T08:32:11Z" finished-at="2019-07-22T08:32:11Z">
          <reporter-output>
          </reporter-output>
        </test-method> <!-- tearDownMethod -->
        <test-method status="PASS" signature="KP_5460_Verify_get_environment_of_SM_user_successful()[pri:0, instance:testscripts.componentTest.envConfLambdaFunctions.GetEnvironmentOfUserAPITest@31c88ec8]" name="KP_5460_Verify_get_environment_of_SM_user_successful" duration-ms="918" started-at="2019-07-22T08:32:12Z" finished-at="2019-07-22T08:32:13Z">
          <reporter-output>
          </reporter-output>
        </test-method> <!-- KP_5460_Verify_get_environment_of_SM_user_successful -->
        <test-method status="PASS" signature="tearDownMethod()[pri:0, instance:testscripts.componentTest.envConfLambdaFunctions.GetEnvironmentOfUserAPITest@31c88ec8]" name="tearDownMethod" is-config="true" duration-ms="0" started-at="2019-07-22T08:32:12Z" finished-at="2019-07-22T08:32:12Z">
          <reporter-output>
          </reporter-output>
        </test-method> <!-- tearDownMethod -->
        <test-method status="PASS" signature="KP_5461_Verify_get_environment_with_non_existing_IN_user()[pri:0, instance:testscripts.componentTest.envConfLambdaFunctions.GetEnvironmentOfUserAPITest@31c88ec8]" name="KP_5461_Verify_get_environment_with_non_existing_IN_user" duration-ms="1236" started-at="2019-07-22T08:32:13Z" finished-at="2019-07-22T08:32:14Z">
          <reporter-output>
          </reporter-output>
        </test-method> <!-- KP_5461_Verify_get_environment_with_non_existing_IN_user -->
        <test-method status="PASS" signature="tearDownMethod()[pri:0, instance:testscripts.componentTest.envConfLambdaFunctions.GetEnvironmentOfUserAPITest@31c88ec8]" name="tearDownMethod" is-config="true" duration-ms="0" started-at="2019-07-22T08:32:13Z" finished-at="2019-07-22T08:32:13Z">
          <reporter-output>
          </reporter-output>
        </test-method> <!-- tearDownMethod -->
        <test-method status="PASS" signature="tearDownMethod()[pri:0, instance:testscripts.componentTest.envConfLambdaFunctions.GetEnvironmentOfUserAPITest@31c88ec8]" name="tearDownMethod" is-config="true" duration-ms="0" started-at="2019-07-22T08:32:14Z" finished-at="2019-07-22T08:32:14Z">
          <reporter-output>
          </reporter-output>
        </test-method> <!-- tearDownMethod -->
        <test-method status="PASS" signature="KP_5461_Verify_get_environment_with_non_existing_MC_user()[pri:0, instance:testscripts.componentTest.envConfLambdaFunctions.GetEnvironmentOfUserAPITest@31c88ec8]" name="KP_5461_Verify_get_environment_with_non_existing_MC_user" duration-ms="1035" started-at="2019-07-22T08:32:14Z" finished-at="2019-07-22T08:32:15Z">
          <reporter-output>
          </reporter-output>
        </test-method> <!-- KP_5461_Verify_get_environment_with_non_existing_MC_user -->
        <test-method status="PASS" signature="tearDownMethod()[pri:0, instance:testscripts.componentTest.envConfLambdaFunctions.GetEnvironmentOfUserAPITest@31c88ec8]" name="tearDownMethod" is-config="true" duration-ms="0" started-at="2019-07-22T08:32:15Z" finished-at="2019-07-22T08:32:15Z">
          <reporter-output>
          </reporter-output>
        </test-method> <!-- tearDownMethod -->
        <test-method status="PASS" signature="KP_5461_Verify_get_environment_with_non_existing_PPL_user()[pri:0, instance:testscripts.componentTest.envConfLambdaFunctions.GetEnvironmentOfUserAPITest@31c88ec8]" name="KP_5461_Verify_get_environment_with_non_existing_PPL_user" duration-ms="849" started-at="2019-07-22T08:32:15Z" finished-at="2019-07-22T08:32:16Z">
          <reporter-output>
          </reporter-output>
        </test-method> <!-- KP_5461_Verify_get_environment_with_non_existing_PPL_user -->
        <test-method status="PASS" signature="tearDownMethod()[pri:0, instance:testscripts.componentTest.envConfLambdaFunctions.GetEnvironmentOfUserAPITest@31c88ec8]" name="tearDownMethod" is-config="true" duration-ms="0" started-at="2019-07-22T08:32:16Z" finished-at="2019-07-22T08:32:16Z">
          <reporter-output>
          </reporter-output>
        </test-method> <!-- tearDownMethod -->
        <test-method status="PASS" signature="KP_5461_Verify_get_environment_with_non_existing_PP_user()[pri:0, instance:testscripts.componentTest.envConfLambdaFunctions.GetEnvironmentOfUserAPITest@31c88ec8]" name="KP_5461_Verify_get_environment_with_non_existing_PP_user" duration-ms="898" started-at="2019-07-22T08:32:16Z" finished-at="2019-07-22T08:32:17Z">
          <reporter-output>
          </reporter-output>
        </test-method> <!-- KP_5461_Verify_get_environment_with_non_existing_PP_user -->
        <test-method status="PASS" signature="tearDownMethod()[pri:0, instance:testscripts.componentTest.envConfLambdaFunctions.GetEnvironmentOfUserAPITest@31c88ec8]" name="tearDownMethod" is-config="true" duration-ms="0" started-at="2019-07-22T08:32:17Z" finished-at="2019-07-22T08:32:17Z">
          <reporter-output>
          </reporter-output>
        </test-method> <!-- tearDownMethod -->
        <test-method status="PASS" signature="KP_5461_Verify_get_environment_with_non_existing_SM_user()[pri:0, instance:testscripts.componentTest.envConfLambdaFunctions.GetEnvironmentOfUserAPITest@31c88ec8]" name="KP_5461_Verify_get_environment_with_non_existing_SM_user" duration-ms="899" started-at="2019-07-22T08:32:17Z" finished-at="2019-07-22T08:32:18Z">
          <reporter-output>
          </reporter-output>
        </test-method> <!-- KP_5461_Verify_get_environment_with_non_existing_SM_user -->
        <test-method status="PASS" signature="tearDownMethod()[pri:0, instance:testscripts.componentTest.envConfLambdaFunctions.GetEnvironmentOfUserAPITest@31c88ec8]" name="tearDownMethod" is-config="true" duration-ms="0" started-at="2019-07-22T08:32:18Z" finished-at="2019-07-22T08:32:18Z">
          <reporter-output>
          </reporter-output>
        </test-method> <!-- tearDownMethod -->
        <test-method status="PASS" signature="KP_5462_Verify_get_environment_of_IN_user_with_missing_apikey_header()[pri:0, instance:testscripts.componentTest.envConfLambdaFunctions.GetEnvironmentOfUserAPITest@31c88ec8]" name="KP_5462_Verify_get_environment_of_IN_user_with_missing_apikey_header" duration-ms="491" started-at="2019-07-22T08:32:18Z" finished-at="2019-07-22T08:32:18Z">
          <reporter-output>
          </reporter-output>
        </test-method> <!-- KP_5462_Verify_get_environment_of_IN_user_with_missing_apikey_header -->
        <test-method status="PASS" signature="KP_5462_Verify_get_environment_of_MC_user_with_missing_apikey_header()[pri:0, instance:testscripts.componentTest.envConfLambdaFunctions.GetEnvironmentOfUserAPITest@31c88ec8]" name="KP_5462_Verify_get_environment_of_MC_user_with_missing_apikey_header" duration-ms="508" started-at="2019-07-22T08:32:18Z" finished-at="2019-07-22T08:32:19Z">
          <reporter-output>
          </reporter-output>
        </test-method> <!-- KP_5462_Verify_get_environment_of_MC_user_with_missing_apikey_header -->
        <test-method status="PASS" signature="tearDownMethod()[pri:0, instance:testscripts.componentTest.envConfLambdaFunctions.GetEnvironmentOfUserAPITest@31c88ec8]" name="tearDownMethod" is-config="true" duration-ms="0" started-at="2019-07-22T08:32:18Z" finished-at="2019-07-22T08:32:18Z">
          <reporter-output>
          </reporter-output>
        </test-method> <!-- tearDownMethod -->
        <test-method status="PASS" signature="tearDownMethod()[pri:0, instance:testscripts.componentTest.envConfLambdaFunctions.GetEnvironmentOfUserAPITest@31c88ec8]" name="tearDownMethod" is-config="true" duration-ms="0" started-at="2019-07-22T08:32:19Z" finished-at="2019-07-22T08:32:19Z">
          <reporter-output>
          </reporter-output>
        </test-method> <!-- tearDownMethod -->
        <test-method status="PASS" signature="KP_5462_Verify_get_environment_of_PPL_user_with_missing_apikey_header()[pri:0, instance:testscripts.componentTest.envConfLambdaFunctions.GetEnvironmentOfUserAPITest@31c88ec8]" name="KP_5462_Verify_get_environment_of_PPL_user_with_missing_apikey_header" duration-ms="921" started-at="2019-07-22T08:32:19Z" finished-at="2019-07-22T08:32:20Z">
          <reporter-output>
          </reporter-output>
        </test-method> <!-- KP_5462_Verify_get_environment_of_PPL_user_with_missing_apikey_header -->
        <test-method status="PASS" signature="tearDownMethod()[pri:0, instance:testscripts.componentTest.envConfLambdaFunctions.GetEnvironmentOfUserAPITest@31c88ec8]" name="tearDownMethod" is-config="true" duration-ms="0" started-at="2019-07-22T08:32:20Z" finished-at="2019-07-22T08:32:20Z">
          <reporter-output>
          </reporter-output>
        </test-method> <!-- tearDownMethod -->
        <test-method status="PASS" signature="KP_5462_Verify_get_environment_of_PP_user_with_missing_apikey_header()[pri:0, instance:testscripts.componentTest.envConfLambdaFunctions.GetEnvironmentOfUserAPITest@31c88ec8]" name="KP_5462_Verify_get_environment_of_PP_user_with_missing_apikey_header" duration-ms="710" started-at="2019-07-22T08:32:20Z" finished-at="2019-07-22T08:32:21Z">
          <reporter-output>
          </reporter-output>
        </test-method> <!-- KP_5462_Verify_get_environment_of_PP_user_with_missing_apikey_header -->
        <test-method status="PASS" signature="tearDownMethod()[pri:0, instance:testscripts.componentTest.envConfLambdaFunctions.GetEnvironmentOfUserAPITest@31c88ec8]" name="tearDownMethod" is-config="true" duration-ms="1" started-at="2019-07-22T08:32:21Z" finished-at="2019-07-22T08:32:21Z">
          <reporter-output>
          </reporter-output>
        </test-method> <!-- tearDownMethod -->
        <test-method status="PASS" signature="KP_5462_Verify_get_environment_of_SM_user_with_missing_apikey_header()[pri:0, instance:testscripts.componentTest.envConfLambdaFunctions.GetEnvironmentOfUserAPITest@31c88ec8]" name="KP_5462_Verify_get_environment_of_SM_user_with_missing_apikey_header" duration-ms="504" started-at="2019-07-22T08:32:21Z" finished-at="2019-07-22T08:32:21Z">
          <reporter-output>
          </reporter-output>
        </test-method> <!-- KP_5462_Verify_get_environment_of_SM_user_with_missing_apikey_header -->
        <test-method status="PASS" signature="tearDownClass()[pri:0, instance:testscripts.componentTest.envConfLambdaFunctions.GetEnvironmentOfUserAPITest@31c88ec8]" name="tearDownClass" is-config="true" duration-ms="12" started-at="2019-07-22T08:32:21Z" finished-at="2019-07-22T08:32:21Z">
          <reporter-output>
          </reporter-output>
        </test-method> <!-- tearDownClass -->
        <test-method status="PASS" signature="tearDownMethod()[pri:0, instance:testscripts.componentTest.envConfLambdaFunctions.GetEnvironmentOfUserAPITest@31c88ec8]" name="tearDownMethod" is-config="true" duration-ms="0" started-at="2019-07-22T08:32:21Z" finished-at="2019-07-22T08:32:21Z">
          <reporter-output>
          </reporter-output>
        </test-method> <!-- tearDownMethod -->
      </class> <!-- testscripts.componentTest.envConfLambdaFunctions.GetEnvironmentOfUserAPITest -->
    </test> <!-- Get Environment Of User test -->
  </suite> <!-- parentPortalLiteTestSuite -->
</testng-results>
