<?xml version="1.0" encoding="UTF-8"?>
<testsuite xmlns:xsi="http://www.w3.org/2001/XMLSchema-instance" xsi:noNamespaceSchemaLocation="https://maven.apache.org/surefire/maven-surefire-plugin/xsd/surefire-test-report.xsd" name="TestSuite" time="24.602" tests="15" errors="0" skipped="0" failures="0">
  <properties>
[...]
</properties>
  <testcase name="KP_5460_Verify_get_environment_of_IN_user_successful" classname="testscripts.componentTest.envConfLambdaFunctions.GetEnvironmentOfUserAPITest" time="2.759"/>
  <testcase name="KP_5460_Verify_get_environment_of_MC_user_successful" classname="testscripts.componentTest.envConfLambdaFunctions.GetEnvironmentOfUserAPITest" time="1.695"/>
  <testcase name="KP_5460_Verify_get_environment_of_PPL_user_successful" classname="testscripts.componentTest.envConfLambdaFunctions.GetEnvironmentOfUserAPITest" time="1.497"/>
  <testcase name="KP_5460_Verify_get_environment_of_PP_user_successful" classname="testscripts.componentTest.envConfLambdaFunctions.GetEnvironmentOfUserAPITest" time="1.351"/>
  <testcase name="KP_5460_Verify_get_environment_of_SM_user_successful" classname="testscripts.componentTest.envConfLambdaFunctions.GetEnvironmentOfUserAPITest" time="0.92"/>
  <testcase name="KP_5461_Verify_get_environment_with_non_existing_IN_user" classname="testscripts.componentTest.envConfLambdaFunctions.GetEnvironmentOfUserAPITest" time="1.235"/>
  <testcase name="KP_5461_Verify_get_environment_with_non_existing_MC_user" classname="testscripts.componentTest.envConfLambdaFunctions.GetEnvironmentOfUserAPITest" time="1.037"/>
  <testcase name="KP_5461_Verify_get_environment_with_non_existing_PPL_user" classname="testscripts.componentTest.envConfLambdaFunctions.GetEnvironmentOfUserAPITest" time="0.849"/>
  <testcase name="KP_5461_Verify_get_environment_with_non_existing_PP_user" classname="testscripts.componentTest.envConfLambdaFunctions.GetEnvironmentOfUserAPITest" time="0.899"/>
  <testcase name="KP_5461_Verify_get_environment_with_non_existing_SM_user" classname="testscripts.componentTest.envConfLambdaFunctions.GetEnvironmentOfUserAPITest" time="0.903"/>
  <testcase name="KP_5462_Verify_get_environment_of_IN_user_with_missing_apikey_header" classname="testscripts.componentTest.envConfLambdaFunctions.GetEnvironmentOfUserAPITest" time="0.489"/>
  <testcase name="KP_5462_Verify_get_environment_of_MC_user_with_missing_apikey_header" classname="testscripts.componentTest.envConfLambdaFunctions.GetEnvironmentOfUserAPITest" time="0.508"/>
  <testcase name="KP_5462_Verify_get_environment_of_PPL_user_with_missing_apikey_header" classname="testscripts.componentTest.envConfLambdaFunctions.GetEnvironmentOfUserAPITest" time="0.925"/>
  <testcase name="KP_5462_Verify_get_environment_of_PP_user_with_missing_apikey_header" classname="testscripts.componentTest.envConfLambdaFunctions.GetEnvironmentOfUserAPITest" time="0.707"/>
  <testcase name="KP_5462_Verify_get_environment_of_SM_user_with_missing_apikey_header" classname="testscripts.componentTest.envConfLambdaFunctions.GetEnvironmentOfUserAPITest" time="0.505"/>
</testsuite>