<?xml version="1.0" encoding="UTF-8"?>
<!-- Generated by org.testng.reporters.JUnitXMLReporter -->
<testsuite hostname="ans-MacBook-Pro.tcvn.com" ignored="0" name="Get Environment Of User test" tests="15" failures="0" timestamp="22 Jul 2019 08:32:21 GMT" time="19.937" errors="0">
  <testcase name="KP_5460_Verify_get_environment_of_IN_user_successful" time="2.753" classname="testscripts.componentTest.envConfLambdaFunctions.GetEnvironmentOfUserAPITest"/>
  <testcase name="KP_5460_Verify_get_environment_of_MC_user_successful" time="1.686" classname="testscripts.componentTest.envConfLambdaFunctions.GetEnvironmentOfUserAPITest"/>
  <testcase name="KP_5460_Verify_get_environment_of_PPL_user_successful" time="1.504" classname="testscripts.componentTest.envConfLambdaFunctions.GetEnvironmentOfUserAPITest"/>
  <testcase name="KP_5460_Verify_get_environment_of_PP_user_successful" time="1.352" classname="testscripts.componentTest.envConfLambdaFunctions.GetEnvironmentOfUserAPITest"/>
  <testcase name="KP_5460_Verify_get_environment_of_SM_user_successful" time="0.918" classname="testscripts.componentTest.envConfLambdaFunctions.GetEnvironmentOfUserAPITest"/>
  <testcase name="KP_5461_Verify_get_environment_with_non_existing_IN_user" time="1.236" classname="testscripts.componentTest.envConfLambdaFunctions.GetEnvironmentOfUserAPITest"/>
  <testcase name="KP_5461_Verify_get_environment_with_non_existing_MC_user" time="1.035" classname="testscripts.componentTest.envConfLambdaFunctions.GetEnvironmentOfUserAPITest"/>
  <testcase name="KP_5461_Verify_get_environment_with_non_existing_PPL_user" time="0.849" classname="testscripts.componentTest.envConfLambdaFunctions.GetEnvironmentOfUserAPITest"/>
  <testcase name="KP_5461_Verify_get_environment_with_non_existing_PP_user" time="0.898" classname="testscripts.componentTest.envConfLambdaFunctions.GetEnvironmentOfUserAPITest"/>
  <testcase name="KP_5461_Verify_get_environment_with_non_existing_SM_user" time="0.899" classname="testscripts.componentTest.envConfLambdaFunctions.GetEnvironmentOfUserAPITest"/>
  <testcase name="KP_5462_Verify_get_environment_of_IN_user_with_missing_apikey_header" time="0.491" classname="testscripts.componentTest.envConfLambdaFunctions.GetEnvironmentOfUserAPITest"/>
  <testcase name="KP_5462_Verify_get_environment_of_MC_user_with_missing_apikey_header" time="0.508" classname="testscripts.componentTest.envConfLambdaFunctions.GetEnvironmentOfUserAPITest"/>
  <testcase name="KP_5462_Verify_get_environment_of_PPL_user_with_missing_apikey_header" time="0.921" classname="testscripts.componentTest.envConfLambdaFunctions.GetEnvironmentOfUserAPITest"/>
  <testcase name="KP_5462_Verify_get_environment_of_PP_user_with_missing_apikey_header" time="0.71" classname="testscripts.componentTest.envConfLambdaFunctions.GetEnvironmentOfUserAPITest"/>
  <testcase name="KP_5462_Verify_get_environment_of_SM_user_with_missing_apikey_header" time="0.504" classname="testscripts.componentTest.envConfLambdaFunctions.GetEnvironmentOfUserAPITest"/>
</testsuite> <!-- Get Environment Of User test -->
